{"level":"info","message":"Get pet by ID response ----- ","status":404,"timestamp":"2026-01-15T08:39:47.262Z"}
{"level":"info","message":"Get pet by ID response ----- ","status":404,"timestamp":"2026-01-15T08:40:37.452Z"}
{"level":"info","message":"Get pet by ID response ----- ","status":404,"timestamp":"2026-01-15T08:44:19.548Z"}
{"level":"info","message":"Create Pet Response","status":404,"timestamp":"2026-01-15T08:54:10.890Z"}
{"level":"info","message":"Create Pet Response","status":404,"timestamp":"2026-01-15T09:05:34.446Z"}
{"level":"info","message":"Create Pet Response","status":404,"timestamp":"2026-01-15T09:22:18.001Z"}
{"level":"info","message":"Create Pet Response","status":200,"timestamp":"2026-01-15T09:54:04.951Z"}
{"level":"info","message":"Get pet by ID response ----- ","status":200,"timestamp":"2026-01-16T00:40:18.054Z"}
{"level":"info","message":"Pet Id from get call ---- ","timestamp":"2026-01-16T00:40:18.060Z"}
{"level":"info","message":"Get pet by ID response ----- ","status":200,"timestamp":"2026-01-16T00:41:17.444Z"}
{"level":"info","message":"Pet Id from get call ---- ","timestamp":"2026-01-16T00:41:17.453Z"}
{"level":"info","message":"Get pet by ID response ----- ","status":200,"timestamp":"2026-01-16T03:22:23.622Z"}
{"level":"info","message":"Create Pet Response","status":200,"timestamp":"2026-01-16T03:22:23.620Z"}
{"level":"info","message":"Get pet by ID response ----- ","status":200,"timestamp":"2026-01-16T03:22:23.623Z"}
{"level":"info","message":"Create Pet Response","status":200,"timestamp":"2026-01-16T03:22:23.622Z"}
{"level":"info","message":"Create Pet Response","status":200,"timestamp":"2026-01-16T03:22:26.138Z"}
{"level":"info","message":"Get pet by ID response ----- ","status":200,"timestamp":"2026-01-16T03:22:26.149Z"}
{"level":"info","message":"Create Pet Response","status":200,"timestamp":"2026-01-16T03:41:24.783Z"}
{"level":"info","message":"Get pet by ID response ----- ","status":200,"timestamp":"2026-01-16T03:41:24.786Z"}
{"level":"info","message":"Create Pet Response","status":200,"timestamp":"2026-01-16T03:41:24.780Z"}
{"level":"info","message":"Get pet by ID response ----- ","status":200,"timestamp":"2026-01-16T03:41:24.784Z"}
{"level":"info","message":"Get pet by ID response ----- ","status":200,"timestamp":"2026-01-16T03:41:29.551Z"}
{"level":"info","message":"Create Pet Response","status":200,"timestamp":"2026-01-16T03:41:29.559Z"}
{"level":"info","message":"Create Pet Response","status":200,"timestamp":"2026-01-16T03:43:03.066Z"}
{"level":"info","message":"Get pet by ID response ----- ","status":200,"timestamp":"2026-01-16T03:43:03.068Z"}
{"level":"info","message":"Get pet by ID response ----- ","status":200,"timestamp":"2026-01-16T03:43:03.111Z"}
{"level":"info","message":"Create Pet Response","status":200,"timestamp":"2026-01-16T03:43:03.116Z"}
{"level":"info","message":"Get pet by ID response ----- ","status":200,"timestamp":"2026-01-16T03:43:07.600Z"}
{"level":"info","message":"Create Pet Response","status":200,"timestamp":"2026-01-16T03:43:07.596Z"}
{"level":"info","message":"Get pet by ID response ----- ","status":200,"timestamp":"2026-01-16T14:16:10.073Z"}
{"level":"info","message":"Get pet by ID response ----- ","status":200,"timestamp":"2026-01-16T14:16:55.738Z"}
{"level":"info","message":"Create Pet Response","status":200,"timestamp":"2026-01-16T14:24:10.588Z"}
{"level":"info","message":"Get pet by ID response ----- ","status":200,"timestamp":"2026-01-16T14:24:19.754Z"}
{"level":"info","message":"Create Pet Response","status":200,"timestamp":"2026-01-16T14:33:57.061Z"}
{"level":"info","message":"Created pet response-----","status":200,"timestamp":"2026-01-16T14:44:22.978Z"}
{"level":"info","message":"Get pet by ID response ----- ","status":200,"timestamp":"2026-01-16T14:44:23.062Z"}
{"level":"info","message":"Created pet response in beforeAll -----","status":200,"timestamp":"2026-01-16T16:11:31.593Z"}
{"level":"info","message":"Delete pet response -----","status":200,"timestamp":"2026-01-16T16:11:31.715Z"}
{"level":"info","message":"Created pet response in beforeAll -----","status":200,"timestamp":"2026-01-16T16:54:53.889Z"}
{"level":"info","message":"Get pet by ID response ----- ","status":404,"timestamp":"2026-01-16T16:54:54.064Z"}
{"level":"info","message":"Create Pet Response","status":200,"timestamp":"2026-01-19T16:06:53.467Z"}
{"level":"info","message":"Created pet response in beforeAll -----","status":200,"timestamp":"2026-01-19T16:16:38.527Z"}
{"level":"info","message":"Get pet by ID response ----- ","status":404,"timestamp":"2026-01-19T16:16:38.697Z"}
{"level":"info","message":"Created pet response in beforeAll -----","status":200,"timestamp":"2026-01-19T16:18:23.133Z"}
{"level":"info","message":"Get pet by ID response ----- ","status":404,"timestamp":"2026-01-19T16:18:23.251Z"}
{"level":"info","message":"Created pet response in beforeAll -----","status":200,"timestamp":"2026-01-19T16:26:09.254Z"}
{"level":"info","message":"Get pet by ID response ----- ","status":404,"timestamp":"2026-01-19T16:26:09.402Z"}
{"level":"info","message":"Created pet response in beforeAll -----","status":200,"timestamp":"2026-01-19T16:27:57.106Z"}
{"level":"info","message":"Get pet by ID response ----- ","status":200,"timestamp":"2026-01-19T16:27:57.223Z"}
{"level":"info","message":"Create Pet Response","status":200,"timestamp":"2026-01-23T21:51:10.500Z"}
{"level":"info","message":"Created pet response in beforeAll -----","status":200,"timestamp":"2026-01-23T21:56:08.100Z"}
{"level":"info","message":"Get pet by ID response ----- ","status":404,"timestamp":"2026-01-23T21:56:08.233Z"}
{"level":"info","message":"Created pet response in beforeAll -----","status":200,"timestamp":"2026-01-23T21:59:18.799Z"}
{"level":"info","message":"Get pet by ID response ----- ","status":200,"timestamp":"2026-01-23T21:59:18.921Z"}
{"level":"info","message":"Created pet response in beforeAll -----","status":200,"timestamp":"2026-01-23T22:00:07.019Z"}
{"level":"info","message":"Get pet by ID response ----- ","status":404,"timestamp":"2026-01-23T22:00:07.135Z"}
{"level":"info","message":"Created pet response in beforeAll -----","status":200,"timestamp":"2026-01-23T22:03:22.128Z"}
{"level":"info","message":"Get pet by ID response ----- ","status":404,"timestamp":"2026-01-23T22:03:22.254Z"}
{"level":"info","message":"Created pet response in beforeAll -----","status":200,"timestamp":"2026-01-23T22:06:15.119Z"}
{"level":"info","message":"Get pet by ID response ----- ","status":404,"timestamp":"2026-01-23T22:06:15.236Z"}
{"level":"info","message":"Created pet response in beforeAll -----","status":200,"timestamp":"2026-01-23T22:22:26.961Z"}
{"level":"info","message":"Get pet by ID response ----- ","status":404,"timestamp":"2026-01-23T22:22:27.116Z"}
{"level":"info","message":"Created pet response in beforeAll -----","status":200,"timestamp":"2026-01-23T22:23:45.941Z"}
{"level":"info","message":"Get pet by ID response ----- ","status":404,"timestamp":"2026-01-23T22:23:46.077Z"}
{"level":"info","message":"Created pet response in beforeAll -----","status":200,"timestamp":"2026-01-23T22:41:49.190Z"}
{"level":"info","message":"Get pet by ID response ----- ","status":404,"timestamp":"2026-01-23T22:41:49.350Z"}
{"level":"info","message":"Created pet response in beforeAll -----","status":200,"timestamp":"2026-01-23T22:43:54.655Z"}
{"level":"info","message":"Get pet by ID response ----- ","status":404,"timestamp":"2026-01-23T22:43:54.776Z"}
{"level":"info","message":"Created pet response in beforeAll -----","status":200,"timestamp":"2026-01-24T05:18:52.061Z"}
{"level":"info","message":"Get pet by ID response ----- ","status":404,"timestamp":"2026-01-24T05:18:52.227Z"}
{"level":"info","message":"Created pet response in beforeAll -----","status":200,"timestamp":"2026-01-24T05:26:50.556Z"}
{"level":"info","message":"Get pet by ID response ----- ","status":200,"timestamp":"2026-01-24T05:26:50.707Z"}
{"level":"info","message":"Created pet response in beforeAll -----","status":200,"timestamp":"2026-01-24T05:34:57.734Z"}
{"level":"info","message":"Get pet by ID response ----- ","status":200,"timestamp":"2026-01-24T05:34:57.849Z"}
{"level":"info","message":"Created pet response in beforeAll -----","status":200,"timestamp":"2026-01-24T05:35:59.277Z"}
{"level":"info","message":"Get pet by ID response ----- ","status":200,"timestamp":"2026-01-24T05:35:59.402Z"}
{"level":"info","message":"Create pet response statuc -----","status":200,"timestamp":"2026-01-24T05:51:01.720Z"}
{"level":"info","message":"Create pet response statuc -----","status":200,"timestamp":"2026-01-24T05:52:37.693Z"}
{"level":"info","message":"Get pet response -----","status":200,"timestamp":"2026-01-24T05:52:37.811Z"}
{"level":"info","message":"Create pet response status -----","status":200,"timestamp":"2026-01-24T05:53:09.183Z"}
{"level":"info","message":"Delete pet response -----","status":200,"timestamp":"2026-01-24T05:53:09.300Z"}
{"level":"info","message":"Create pet response status -----","status":200,"timestamp":"2026-01-24T06:01:49.803Z"}
{"level":"info","message":"Get pet response -----","status":200,"timestamp":"2026-01-24T06:01:49.912Z"}
{"level":"info","message":"Delete pet response -----","status":200,"timestamp":"2026-01-24T06:01:50.018Z"}
{"level":"info","message":"Create pet response status -----","status":200,"timestamp":"2026-01-24T06:03:49.005Z"}
{"level":"info","message":"Get pet response -----","status":200,"timestamp":"2026-01-24T06:03:49.120Z"}
{"level":"info","message":"Delete pet response -----","status":200,"timestamp":"2026-01-24T06:03:49.232Z"}
{"level":"info","message":"Create pet response status -----","status":200,"timestamp":"2026-01-24T06:22:15.849Z"}
{"level":"info","message":"Create pet response status -----","status":200,"timestamp":"2026-01-24T06:26:58.223Z"}
{"level":"info","message":"Create pet response status -----","status":200,"timestamp":"2026-01-24T06:32:07.949Z"}
{"level":"info","message":"Get pet response -----","status":200,"timestamp":"2026-01-24T06:32:08.061Z"}
{"level":"info","message":"Delete pet response -----","status":200,"timestamp":"2026-01-24T06:32:08.194Z"}
{"level":"info","message":"Create pet response status -----","status":200,"timestamp":"2026-01-24T06:43:41.265Z"}
{"level":"info","message":"Get pet response -----","status":200,"timestamp":"2026-01-24T06:43:41.383Z"}
{"level":"info","message":"Delete pet response -----","status":200,"timestamp":"2026-01-24T06:43:41.493Z"}
{"level":"info","message":"Create pet response status -----","status":200,"timestamp":"2026-01-24T23:42:10.605Z"}
{"level":"info","message":"Get pet response -----","status":200,"timestamp":"2026-01-24T23:42:10.738Z"}
{"level":"info","message":"Delete pet response -----","status":200,"timestamp":"2026-01-24T23:42:10.853Z"}
{"level":"info","message":"Create pet response status -----","status":200,"timestamp":"2026-01-26T13:02:50.795Z"}
{"level":"info","message":"Get pet response -----","status":200,"timestamp":"2026-01-26T13:02:50.945Z"}
{"level":"info","message":"Create pet response status -----","status":200,"timestamp":"2026-01-26T13:04:31.123Z"}
{"level":"info","message":"Get pet response -----","status":200,"timestamp":"2026-01-26T13:04:31.273Z"}
{"level":"info","message":"Delete pet response -----","status":200,"timestamp":"2026-01-26T13:04:31.385Z"}
{"level":"info","message":"Create pet response status -----","status":200,"timestamp":"2026-01-26T13:11:16.054Z"}
{"level":"info","message":"Get pet response -----","status":200,"timestamp":"2026-01-26T13:11:16.216Z"}
{"level":"info","message":"Delete pet response -----","status":200,"timestamp":"2026-01-26T13:11:16.335Z"}
{"level":"info","message":"Create pet response status -----","status":200,"timestamp":"2026-01-26T13:21:49.067Z"}
{"level":"info","message":"Get pet response -----","status":200,"timestamp":"2026-01-26T13:21:49.220Z"}
{"level":"info","message":"Delete pet response -----","status":200,"timestamp":"2026-01-26T13:21:49.334Z"}
{"level":"info","message":"Create pet response status -----","status":200,"timestamp":"2026-01-26T13:23:20.031Z"}
{"level":"info","message":"Get pet response -----","status":200,"timestamp":"2026-01-26T13:23:20.180Z"}
{"level":"info","message":"Delete pet response -----","status":200,"timestamp":"2026-01-26T13:23:20.295Z"}
{"level":"info","message":"Get pet response -----","status":404,"timestamp":"2026-01-26T13:23:20.401Z"}
{"level":"info","message":"Create pet response status -----","status":200,"timestamp":"2026-01-26T13:23:56.785Z"}
{"level":"info","message":"Get pet response -----","status":200,"timestamp":"2026-01-26T13:23:56.937Z"}
{"level":"info","message":"Delete pet response -----","status":200,"timestamp":"2026-01-26T13:23:57.056Z"}
{"level":"info","message":"Get pet response -----","status":404,"timestamp":"2026-01-26T13:23:57.171Z"}
{"level":"info","message":"Create pet response status -----","status":200,"timestamp":"2026-01-26T13:24:44.335Z"}
{"level":"info","message":"Get pet response -----","status":200,"timestamp":"2026-01-26T13:24:44.490Z"}
{"level":"info","message":"Delete pet response -----","status":200,"timestamp":"2026-01-26T13:24:44.604Z"}
{"level":"info","message":"Get pet response -----","status":404,"timestamp":"2026-01-26T13:24:44.712Z"}
{"level":"info","message":"Create pet response status -----","status":200,"timestamp":"2026-01-26T14:13:02.872Z"}
{"level":"info","message":"Create pet response status -----","status":200,"timestamp":"2026-01-26T14:13:02.873Z"}
{"level":"info","message":"Get pet response -----","status":200,"timestamp":"2026-01-26T14:13:03.174Z"}
{"level":"info","message":"Get pet response -----","status":200,"timestamp":"2026-01-26T14:13:03.191Z"}
{"level":"info","message":"Delete pet response -----","status":404,"timestamp":"2026-01-26T14:13:03.424Z"}
{"level":"info","message":"Delete pet response -----","status":200,"timestamp":"2026-01-26T14:13:03.425Z"}
{"level":"info","message":"Create pet response status -----","status":200,"timestamp":"2026-01-26T14:18:50.785Z"}
{"level":"info","message":"Get pet response -----","status":200,"timestamp":"2026-01-26T14:18:50.937Z"}
{"level":"info","message":"Delete pet response -----","status":200,"timestamp":"2026-01-26T14:18:51.055Z"}
{"level":"info","message":"Get pet response -----","status":404,"timestamp":"2026-01-26T14:18:51.163Z"}
{"level":"info","message":"Create pet response status -----","status":200,"timestamp":"2026-01-26T14:19:21.847Z"}
{"level":"info","message":"Create pet response status -----","status":200,"timestamp":"2026-01-26T14:19:21.846Z"}
{"level":"info","message":"Get pet response -----","status":200,"timestamp":"2026-01-26T14:19:22.005Z"}
{"level":"info","message":"Get pet response -----","status":200,"timestamp":"2026-01-26T14:19:22.010Z"}
{"level":"info","message":"Delete pet response -----","status":200,"timestamp":"2026-01-26T14:19:22.134Z"}
{"level":"info","message":"Delete pet response -----","status":200,"timestamp":"2026-01-26T14:19:22.159Z"}
{"level":"info","message":"Get pet response -----","status":404,"timestamp":"2026-01-26T14:19:22.287Z"}
{"level":"info","message":"Create pet response status -----","status":200,"timestamp":"2026-01-26T14:35:44.703Z"}
{"level":"info","message":"Create pet response status -----","status":200,"timestamp":"2026-01-26T14:35:44.717Z"}
{"level":"info","message":"Get pet response -----","status":200,"timestamp":"2026-01-26T14:35:44.865Z"}
{"level":"info","message":"Get pet response -----","status":200,"timestamp":"2026-01-26T14:35:44.875Z"}
{"level":"info","message":"Delete pet response -----","status":200,"timestamp":"2026-01-26T14:35:45.041Z"}
{"level":"info","message":"Delete pet response -----","status":200,"timestamp":"2026-01-26T14:35:45.041Z"}
{"level":"info","message":"Get pet response -----","status":404,"timestamp":"2026-01-26T14:35:45.163Z"}
{"level":"info","message":"Create pet response status -----","status":200,"timestamp":"2026-01-26T14:36:14.750Z"}
{"level":"info","message":"Create pet response status -----","status":200,"timestamp":"2026-01-26T14:36:14.750Z"}
{"level":"info","message":"Get pet response -----","status":200,"timestamp":"2026-01-26T14:36:14.900Z"}
{"level":"info","message":"Get pet response -----","status":200,"timestamp":"2026-01-26T14:36:14.911Z"}
{"level":"info","message":"Delete pet response -----","status":200,"timestamp":"2026-01-26T14:36:15.021Z"}
{"level":"info","message":"Delete pet response -----","status":200,"timestamp":"2026-01-26T14:36:15.028Z"}
{"level":"info","message":"Get pet response -----","status":404,"timestamp":"2026-01-26T14:36:15.140Z"}
{"level":"info","message":"Create pet response status -----","status":200,"timestamp":"2026-01-26T14:58:01.271Z"}
{"level":"info","message":"Create pet response status -----","status":200,"timestamp":"2026-01-26T14:58:01.286Z"}
{"level":"info","message":"Get pet response -----","status":200,"timestamp":"2026-01-26T14:58:01.446Z"}
{"level":"info","message":"Get pet response -----","status":200,"timestamp":"2026-01-26T14:58:01.461Z"}
{"level":"info","message":"Delete pet response -----","status":200,"timestamp":"2026-01-26T14:58:01.588Z"}
{"level":"info","message":"Delete pet response -----","status":200,"timestamp":"2026-01-26T14:58:01.596Z"}
{"level":"info","message":"Get pet response -----","status":404,"timestamp":"2026-01-26T14:58:01.728Z"}
{"level":"info","message":"Create pet response status -----","status":200,"timestamp":"2026-01-26T14:59:52.082Z"}
{"level":"info","message":"Create pet response status -----","status":200,"timestamp":"2026-01-26T14:59:52.091Z"}
{"level":"info","message":"Get pet response -----","status":200,"timestamp":"2026-01-26T14:59:52.256Z"}
{"level":"info","message":"Get pet response -----","status":200,"timestamp":"2026-01-26T14:59:52.259Z"}
{"level":"info","message":"Delete pet response -----","status":200,"timestamp":"2026-01-26T14:59:52.384Z"}
{"level":"info","message":"Delete pet response -----","status":200,"timestamp":"2026-01-26T14:59:52.390Z"}
{"level":"info","message":"Get pet response -----","status":404,"timestamp":"2026-01-26T14:59:52.515Z"}
{"level":"info","message":"Create pet response status -----","status":200,"timestamp":"2026-01-26T15:01:59.195Z"}
{"level":"info","message":"Create pet response status -----","status":200,"timestamp":"2026-01-26T15:01:59.206Z"}
{"level":"info","message":"Get pet response -----","status":200,"timestamp":"2026-01-26T15:01:59.365Z"}
{"level":"info","message":"Get pet response -----","status":200,"timestamp":"2026-01-26T15:01:59.374Z"}
{"level":"info","message":"Delete pet response -----","status":200,"timestamp":"2026-01-26T15:01:59.505Z"}
{"level":"info","message":"Delete pet response -----","status":200,"timestamp":"2026-01-26T15:01:59.511Z"}
{"level":"info","message":"Get pet response -----","status":404,"timestamp":"2026-01-26T15:01:59.632Z"}
{"level":"info","message":"Create pet response status -----","status":200,"timestamp":"2026-01-26T15:04:56.564Z"}
{"level":"info","message":"Create pet response status -----","status":200,"timestamp":"2026-01-26T15:04:56.573Z"}
{"level":"info","message":"Get pet response -----","status":200,"timestamp":"2026-01-26T15:04:56.733Z"}
{"level":"info","message":"Get pet response -----","status":200,"timestamp":"2026-01-26T15:04:56.748Z"}
{"level":"info","message":"Delete pet response -----","status":200,"timestamp":"2026-01-26T15:04:56.861Z"}
{"level":"info","message":"Delete pet response -----","status":200,"timestamp":"2026-01-26T15:04:56.870Z"}
{"level":"info","message":"Get pet response -----","status":404,"timestamp":"2026-01-26T15:04:56.984Z"}
{"level":"info","message":"Create pet response status -----","status":200,"timestamp":"2026-01-26T15:10:17.429Z"}
{"level":"info","message":"Create pet response status -----","status":200,"timestamp":"2026-01-26T15:10:17.437Z"}
{"level":"info","message":"Get pet response -----","status":200,"timestamp":"2026-01-26T15:10:17.597Z"}
{"level":"info","message":"Get pet response -----","status":200,"timestamp":"2026-01-26T15:10:17.611Z"}
{"level":"info","message":"Delete pet response -----","status":200,"timestamp":"2026-01-26T15:10:17.716Z"}
{"level":"info","message":"Delete pet response -----","status":200,"timestamp":"2026-01-26T15:10:17.731Z"}
{"level":"info","message":"Get pet response -----","status":404,"timestamp":"2026-01-26T15:10:17.864Z"}
